=> Booting Puma
=> Rails 5.0.0.1 application starting in development on http://ec2-52-53-187-90.us-west-1.compute.amazonaws.com:3000
=> Run `rails server -h` for more startup options
A server is already running. Check /home/ubuntu/workspace/smack_server/tmp/pids/server.pid.
Exiting
=> Booting Puma
=> Rails 5.0.0.1 application starting in development on http://ec2-52-53-187-90.us-west-1.compute.amazonaws.com:3000
=> Run `rails server -h` for more startup options
A server is already running. Check /home/ubuntu/workspace/smack_server/tmp/pids/server.pid.
Exiting
=> Booting Puma
=> Rails 5.0.0.1 application starting in development on http://ec2-52-53-187-90.us-west-1.compute.amazonaws.com:3000
=> Run `rails server -h` for more startup options
Puma starting in single mode...
* Version 3.6.2 (ruby 2.3.1-p112), codename: Sleepy Sunday Serenity
* Min threads: 5, max threads: 5
* Environment: development
* Listening on tcp://ec2-52-53-187-90.us-west-1.compute.amazonaws.com:3000
Use Ctrl-C to stop
Started POST "/job_started" for 172.31.7.23 at 2016-12-06 19:30:06 +0000
Processing by ApiController#receive_project_input as JSON
  Parameters: {"id"=>69, "options"=>nil, "input"=>"UEsFBgAAAAAAAAAAAAAAAAAAAAAAAA==", "api"=>{"id"=>69, "options"=>nil, "input"=>"UEsFBgAAAAAAAAAAAAAAAAAAAAAAAA=="}}
received request from 172.31.7.23#
project id is 69
Completed 500 Internal Server Error in 1ms (Views: 0.2ms)


  
Errno::EEXIST (File exists @ dir_s_mkdir - 69):
  
app/controllers/api_controller.rb:27:in `mkdir'
app/controllers/api_controller.rb:27:in `receive_project_input'
Started POST "/job_started" for 172.31.7.23 at 2016-12-06 19:30:15 +0000
Processing by ApiController#receive_project_input as JSON
  Parameters: {"id"=>70, "options"=>nil, "input"=>"UEsDBAoAAAAAAOlrfklTk2RaVgAAAFYAAAAHAAAAaGVsbG8uYwovKiBIZWxsbyBXb3JsZCBwcm9ncmFtICovCgojaW5jbHVkZQoKbWFpbigpCnsKICAgIHByaW50ZigiSGVsbG8gV29ybGQiKTsKCn0KICAgICAgICAKUEsBAhQACgAAAAAA6Wt+SVOTZFpWAAAAVgAAAAcAAAAAAAAAAAAAAAAAAAAAAGhlbGxvLmNQSwUGAAAAAAEAAQA1AAAAewAAAAAA", "api"=>{"id"=>70, "options"=>nil, "input"=>"UEsDBAoAAAAAAOlrfklTk2RaVgAAAFYAAAAHAAAAaGVsbG8uYwovKiBIZWxsbyBXb3JsZCBwcm9ncmFtICovCgojaW5jbHVkZQoKbWFpbigpCnsKICAgIHByaW50ZigiSGVsbG8gV29ybGQiKTsKCn0KICAgICAgICAKUEsBAhQACgAAAAAA6Wt+SVOTZFpWAAAAVgAAAAcAAAAAAAAAAAAAAAAAAAAAAGhlbGxvLmNQSwUGAAAAAAEAAQA1AAAAewAAAAAA"}}
received request from 172.31.7.23#
project id is 70
Completed 500 Internal Server Error in 1ms (Views: 0.1ms)


  
Errno::EEXIST (File exists @ dir_s_mkdir - 70):
  
app/controllers/api_controller.rb:27:in `mkdir'
app/controllers/api_controller.rb:27:in `receive_project_input'
